C51 COMPILER V9.52.0.0   FUNCTION                                                          05/04/2016 03:15:03 PAGE 1   


C51 COMPILER V9.52.0.0, COMPILATION OF MODULE FUNCTION
OBJECT MODULE PLACED IN function.OBJ
COMPILER INVOKED BY: D:\Keil\C51\BIN\C51.EXE function.c ROM(COMPACT) BROWSE DEBUG OBJECTEXTEND TABS(2)

line level    source

   1          void delay10ms(void)
   2          
   3          {
   4   1      
   5   1              unsigned char i,j,k;
   6   1      
   7   1               for(i=1;i>0;i--)
   8   1      
   9   1               for(j=4;j>0;j--)
  10   1      
  11   1               for(k=248;k>0;k--);
  12   1      
  13   1      }


MODULE INFORMATION:   STATIC OVERLAYABLE
   CODE SIZE        =     13    ----
   CONSTANT SIZE    =   ----    ----
   XDATA SIZE       =   ----    ----
   PDATA SIZE       =   ----    ----
   DATA SIZE        =   ----    ----
   IDATA SIZE       =   ----    ----
   BIT SIZE         =   ----    ----
END OF MODULE INFORMATION.


C51 COMPILATION COMPLETE.  0 WARNING(S),  0 ERROR(S)
